0  0 1 0.00242517 1 0 0   1 0.00242517 1 1 106 100   0 0 0 0 0 0   
0.0067612340378281  0 1 0.00242517 1 0 0   1 0.00242517 1 1 106 100   0 0 0 0 0 0   
0.010647330980442  0 1 0.00242517 1 0 0   1 0.00242517 1 1 106 100   0 0 0 0 0 0   
0.014594676171871  0 1 0.00242517 1 0 0   1 0.00242517 1 1 106 100   0 0 0 0 0 0   
0.018407353290877  0 1 0.00242517 1 0 0   1 0.00242517 1 1 106 100   0 0 0 0 0 0   
0.022086936240607  0 1 0.00242517 1 0 0   1 0.00242517 1 1 106 100   0 0 0 0 0 0   
0.025842220079044  0 1 0.00242517 1 0 0   1 0.00242517 1 1 106 100   0 0 0 0 0 0   
0.029461166097926  0 1 0.00242517 1 0 0   1 0.00242517 1 1 106 100   0 0 0 0 0 0   
0.03308492091844  0 1 0.00242517 1 0 0   1 0.00242517 1 1 106 100   0 0 0 0 0 0   
0.036697553584921  0 1 0.00242517 1 0 0   1 0.00242517 1 1 106 100   0 0 0 0 0 0   
0.040278527646157  0 1 0.00242517 1 0 0   1 0.00242517 1 1 106 100   0 0 0 0 0 0   
0.043896982343258  0 1 0.00242517 1 0 0   1 0.00242517 1 1 106 100   0 0 0 0 0 0   
0.047483143709573  0 1 0.00242517 1 0 0   1 0.00242517 1 1 106 100   0 0 0 0 0 0   
0.051089908105547  0 1 0.00242517 1 0 0   1 0.00242517 1 1 106 100   0 0 0 0 0 0   
0.054698399785848  0 1 0.00242517 1 0 0   1 0.00242517 1 1 106 100   0 0 0 0 0 0   
0.05830302067052  0 1 0.00242517 1 0 0   1 0.00242517 1 1 106 100   0 0 0 0 0 0   
0.061900514296848  0 1 0.00242517 1 0 0   1 0.00242517 1 1 106 100   0 0 0 0 0 0   
0.065499350571733  0 1 0.00242517 1 0 0   1 0.00242517 1 1 106 100   0 0 0 0 0 0   
0.069103563964327  0 1 0.00242517 1 0 0   1 0.00242517 1 1 106 100   0 0 0 0 0 0   
0.072715838740879  0 1 0.00242517 1 0 0   1 0.00242517 1 1 106 100   0 0 0 0 0 0   
0.076324216565631  0 1 0.00242517 1 0 0   1 0.00242517 1 1 106 100   0 0 0 0 0 0   
0.079933739598436  0 1 0.00242517 1 0 0   1 0.00242517 1 1 106 100   0 0 0 0 0 0   
0.083544012930782  0 1 0.00242517 1 0 0   1 0.00242517 1 1 106 100   0 0 0 0 0 0   
0.087156262062963  0 1 0.00242517 1 0 0   1 0.00242517 1 1 106 100   0 0 0 0 0 0   
0.090771431481449  0 1 0.00242517 1 0 0   1 0.00242517 1 1 106 100   0 0 0 0 0 0   
0.094391301286774  0 1 0.00242517 1 0 0   1 0.00242517 1 1 106 100   0 0 0 0 0 0   
0.098008821434688  0 1 0.00242517 1 0 0   1 0.00242517 1 1 106 100   0 0 0 0 0 0   
0.10162563952182  0 1 0.00242517 1 0 0   1 0.00242517 1 1 106 100   0 0 0 0 0 0   
0.10524248133637  0 1 0.00242517 1 0 0   1 0.00242517 1 1 106 100   0 0 0 0 0 0   
0.10886031910524  0 1 0.00242517 1 0 0   1 0.00242517 1 1 106 100   0 0 0 0 0 0   
0.1124805151143  0 1 0.00242517 1 0 0   1 0.00242517 1 1 106 100   0 0 0 0 0 0   
0.11610494229874  0 1 0.00242517 1 0 0   1 0.00242517 1 1 106 100   0 0 0 0 0 0   
0.1197312681566  0 1 0.00242517 1 0 0   1 0.00242517 1 1 106 100   0 0 0 0 0 0   
0.12335658050473  0 1 0.00242517 1 0 0   1 0.00242517 1 1 106 100   0 0 0 0 0 0   
0.12698158989138  0 1 0.00242517 1 0 0   1 0.00242517 1 1 106 100   0 0 0 0 0 0   
0.13060684856267  0 1 0.00242517 1 0 0   1 0.00242517 1 1 106 100   0 0 0 0 0 0   
0.13423233824821  0 1 0.00242517 1 0 0   1 0.00242517 1 1 106 100   0 0 0 0 0 0   
0.13785847059108  0 1 0.00242517 1 0 0   1 0.00242517 1 1 106 100   0 0 0 0 0 0   
0.14148510381076  0 1 0.00242517 1 0 0   1 0.00242517 1 1 106 100   0 0 0 0 0 0   
0.14511206754578  0 1 0.00242517 1 0 0   1 0.00242517 1 1 106 100   0 0 0 0 0 0   
0.14873855001865  0 1 0.00242517 1 0 0   1 0.00242517 1 1 106 100   0 0 0 0 0 0   
0.15236500258123  0 1 0.00242517 1 0 0   1 0.00242517 1 1 106 100   0 0 0 0 0 0   
0.15599184869037  0 1 0.00242517 1 0 0   1 0.00242517 1 1 106 100   0 0 0 0 0 0   
0.15961854894249  0 1 0.00242517 1 0 0   1 0.00242517 1 1 106 100   0 0 0 0 0 0   
0.16324547747635  0 1 0.00242517 1 0 0   1 0.00242517 1 1 106 100   0 0 0 0 0 0   
0.16687240530071  0 1 0.00242517 1 0 0   1 0.00242517 1 1 106 100   0 0 0 0 0 0   
0.17049883226536  0 1 0.00242517 1 0 0   1 0.00242517 1 1 106 100   0 0 0 0 0 0   
0.17412548437555  0 1 0.00242517 1 0 0   1 0.00242517 1 1 106 100   0 0 0 0 0 0   
0.17775273273651  0 1 0.00242517 1 0 0   1 0.00242517 1 1 106 100   0 0 0 0 0 0   
0.18138030586431  0 1 0.00242517 1 0 0   1 0.00242517 1 1 106 100   0 0 0 0 0 0   
0.1850088959848  0 1 0.00242517 1 0 0   1 0.00242517 1 1 106 100   0 0 0 0 0 0   
0.18863792973612  0 1 0.00242517 1 0 0   1 0.00242517 1 1 106 100   0 0 0 0 0 0   
0.19226712511549  0 1 0.00242517 1 0 0   1 0.00242517 1 1 106 100   0 0 0 0 0 0   
0.19589594415144  0 1 0.00242517 1 0 0   1 0.00242517 1 1 106 100   0 0 0 0 0 0   
0.19952469185701  0 1 0.00242517 1 0 0   1 0.00242517 1 1 106 100   0 0 0 0 0 0   
0.20315360827486  0 1 0.00242517 1 0 0   1 0.00242517 1 1 106 100   0 0 0 0 0 0   
0.20678269037018  0 1 0.00242517 1 0 0   1 0.00242517 1 1 106 100   0 0 0 0 0 0   
0.21041183808853  0 1 0.00242517 1 0 0   1 0.00242517 1 1 106 100   0 0 0 0 0 0   
0.21404130702169  0 1 0.00242517 1 0 0   1 0.00242517 1 1 106 100   0 0 0 0 0 0   
0.21767084496708  0 1 0.00242517 1 0 0   1 0.00242517 1 1 106 100   0 0 0 0 0 0   
0.22130057207735  0 1 0.00242517 1 0 0   1 0.00242517 1 1 106 100   0 0 0 0 0 0   
0.22493070670256  0 1 0.00242517 1 0 0   1 0.00242517 1 1 106 100   0 0 0 0 0 0   
0.22856092334466  0 1 0.00242517 1 0 0   1 0.00242517 1 1 106 100   0 0 0 0 0 0   
0.23219132087541  0 1 0.00242517 1 0 0   1 0.00242517 1 1 106 100   0 0 0 0 0 0   
0.23582211186169  0 1 0.00242517 1 0 0   1 0.00242517 1 1 106 100   0 0 0 0 0 0   
0.23945300626444  0 1 0.00242517 1 0 0   1 0.00242517 1 1 106 100   0 0 0 0 0 0   
0.24308414842571  0 1 0.00242517 1 0 0   1 0.00242517 1 1 106 100   0 0 0 0 0 0   
0.24671576016404  0 1 0.00242517 1 0 0   1 0.00242517 1 1 106 100   0 0 0 0 0 0   
0.2503478961464  0 1 0.00242517 1 0 0   1 0.00242517 1 1 106 100   0 0 0 0 0 0   
