This file contains any messages produced by compilers while
running configure, to aid debugging if configure makes a mistake.

It was created by ENZO configure 0.2.0, which was
generated by GNU Autoconf 2.57.  Invocation command line was

  $ configure 

## --------- ##
## Platform. ##
## --------- ##

hostname = cosmos
uname -m = sun4u
uname -r = 5.7
uname -s = SunOS
uname -v = Generic_106541-18

/usr/bin/uname -p = sparc
/bin/uname -X     = System = SunOS
Node = cosmos
Release = 5.7
KernelID = Generic_106541-18
Machine = sun4u
BusType = <unknown>
Serial = <unknown>
Users = <unknown>
OEM# = 0
Origin# = 1
NumCPU = 4

/bin/arch              = sun4
/usr/bin/arch -k       = sun4u
/usr/convex/getsysinfo = unknown
hostinfo               = unknown
/bin/machine           = unknown
/usr/bin/oslevel       = unknown
/bin/universe          = unknown

PATH: .
PATH: /home/dc
PATH: /home/dc/bin
PATH: /usr/openwin/bin/xview
PATH: /usr/openwin/bin
PATH: /usr/bin
PATH: /usr/sbin
PATH: /opt/SUNWspro/bin
PATH: /usr/ccs/bin
PATH: /usr/local/bin
PATH: /systools
PATH: /etc/opt/licenses
PATH: /usr/local/lib/perl5/sybase/bin
PATH: /teTeX/bin/sparc-solaris
PATH: /usr/local/GNU
PATH: /socdev/local/bin/
PATH: /disk2/util/tex/bin
PATH: /usr/ucb
PATH: /usr/etc
PATH: /opt/licenses
PATH: /usr/tex/bin/sun4r5
PATH: /usr/local/rsi/idl/bin
PATH: /usr/local/island_6.0/bin
PATH: /disk2/util/xview
PATH: /opt/SunSolve/bin
PATH: /etc/opt/licenses
PATH: /opt/lanman/bin
PATH: /opt/lanman/sbin
PATH: /top/top-3.3
PATH: /top/nfswatch4.3
PATH: /etc
PATH: /home/dc/Scripts
PATH: .
PATH: /home/dc/Enzo/MHD/amr_mpi/src


## ----------- ##
## Core tests. ##
## ----------- ##

configure:1265: checking build system type
configure:1283: result: sparc-sun-solaris2.7
configure:1291: checking host system type
configure:1305: result: sparc-sun-solaris2.7
configure:1313: checking target system type
configure:1327: result: sparc-sun-solaris2.7
configure:1393: checking for cc
configure:1409: found /opt/SUNWspro/bin/cc
configure:1419: result: cc
configure:1440: checking for C compiler version
configure:1443: cc --version </dev/null >&5
cc: Warning: option -- passed to ld
usage: cc [ options] files.  Use 'cc -flags' for details
configure:1446: $? = 1
configure:1448: cc -v </dev/null >&5
usage: cc [ options] files.  Use 'cc -flags' for details
configure:1451: $? = 1
configure:1453: cc -V </dev/null >&5
cc: WorkShop Compilers 5.0 98/12/15 C 5.0
usage: cc [ options] files.  Use 'cc -flags' for details
configure:1456: $? = 1
configure:1480: checking for C compiler default output
configure:1483: cc    conftest.c  >&5
configure:1486: $? = 0
configure:1532: result: a.out
configure:1537: checking whether the C compiler works
configure:1543: ./a.out
configure:1546: $? = 0
configure:1563: result: yes
configure:1570: checking whether we are cross compiling
configure:1572: result: no
configure:1575: checking for suffix of executables
configure:1577: cc -o conftest    conftest.c  >&5
configure:1580: $? = 0
configure:1605: result: 
configure:1611: checking for suffix of object files
configure:1633: cc -c   conftest.c >&5
configure:1636: $? = 0
configure:1658: result: o
configure:1662: checking whether we are using the GNU C compiler
configure:1687: cc -c   conftest.c >&5
"configure", line 1680: undefined symbol: choke
"configure", line 1680: syntax error before or at: me
cc: acomp failed for conftest.c
configure:1690: $? = 2
configure: failed program was:
| #line 1667 "configure"
| /* confdefs.h.  */
| 
| #define PACKAGE_NAME "ENZO"
| #define PACKAGE_TARNAME "enzo"
| #define PACKAGE_VERSION "0.2.0"
| #define PACKAGE_STRING "ENZO 0.2.0"
| #define PACKAGE_BUGREPORT "jbordner@cosmos.ucsd.edu"
| /* end confdefs.h.  */
| 
| int
| main ()
| {
| #ifndef __GNUC__
|        choke me
| #endif
| 
|   ;
|   return 0;
| }
configure:1709: result: no
configure:1715: checking whether cc accepts -g
configure:1737: cc -c -g  conftest.c >&5
configure:1740: $? = 0
configure:1743: test -s conftest.o
configure:1746: $? = 0
configure:1757: result: yes
configure:1774: checking for cc option to accept ANSI C
configure:1835: cc  -c -g  conftest.c >&5
"configure", line 1822: warning: statement not reached
configure:1838: $? = 0
configure:1841: test -s conftest.o
configure:1844: $? = 0
configure:1862: result: none needed
configure:1880: cc -c -g  conftest.c >&5
"conftest.c", line 2: undefined or not a type: choke
"conftest.c", line 2: syntax error before or at: me
"conftest.c", line 4: undefined or not a type: me
cc: acomp failed for conftest.c
configure:1883: $? = 2
configure: failed program was:
| #ifndef __cplusplus
|   choke me
| #endif
configure:2012: checking for initscr in -lncurses
configure:2043: cc -o conftest -g   conftest.c -lncurses   >&5
ld: fatal: library -lncurses: not found
ld: fatal: File processing errors. No output written to conftest
configure:2046: $? = 1
configure: failed program was:
| #line 2019 "configure"
| /* confdefs.h.  */
| 
| #define PACKAGE_NAME "ENZO"
| #define PACKAGE_TARNAME "enzo"
| #define PACKAGE_VERSION "0.2.0"
| #define PACKAGE_STRING "ENZO 0.2.0"
| #define PACKAGE_BUGREPORT "jbordner@cosmos.ucsd.edu"
| /* end confdefs.h.  */
| 
| /* Override any gcc2 internal prototype to avoid an error.  */
| #ifdef __cplusplus
| extern "C"
| #endif
| /* We use char because int might match the return type of a gcc2
|    builtin and then its argument prototype would still apply.  */
| char initscr ();
| int
| main ()
| {
| initscr ();
|   ;
|   return 0;
| }
configure:2064: result: no
configure:2073: checking for initscr in -lcurses
configure:2104: cc -o conftest -g   conftest.c -lcurses   >&5
configure:2107: $? = 0
configure:2110: test -s conftest
configure:2113: $? = 0
configure:2125: result: yes
configure:2295: creating ./config.status

## ---------------------- ##
## Running config.status. ##
## ---------------------- ##

This file was extended by ENZO config.status 0.2.0, which was
generated by GNU Autoconf 2.57.  Invocation command line was

  CONFIG_FILES    = 
  CONFIG_HEADERS  = 
  CONFIG_LINKS    = 
  CONFIG_COMMANDS = 
  $ ./config.status 

on cosmos

config.status:644: creating Makefile
config.status:644: creating config/Makefile
config.status:644: creating config/MAKE.CONFIG
config.status:644: creating config/MAKE.GLOBAL
config.status:644: creating amr_mpi/Makefile
config.status:644: creating amr_mpi/anyl/Makefile
config.status:644: creating amr_mpi/src/Makefile
config.status:644: creating hdf5_tools/Makefile
config.status:644: creating inits/Makefile
config.status:644: creating ring/Makefile
config.status:644: creating uniglue/Makefile
config.status:644: creating uniglue/dev/Makefile
config.status:768: executing Make.arch commands
config.status:768: executing Make.mach commands
config.status:768: executing Make.mach.machine commands
config.status:768: executing Make.mpi commands
config.status:768: executing Make.perf commands
config.status:768: executing Make.io commands
config.status:768: executing Make.precision commands
config.status:768: executing Make.particles commands
config.status:768: executing Make.obj commands
config.status:768: executing Make.opt commands
config.status:768: executing Make.endian commands
config.status:768: executing Make.fft commands
config.status:768: executing Make.jbopt commands
config.status:768: executing Make.test commands
config.status:768: executing default commands

## ---------------- ##
## Cache variables. ##
## ---------------- ##

ac_cv_build=sparc-sun-solaris2.7
ac_cv_build_alias=sparc-sun-solaris2.7
ac_cv_c_compiler_gnu=no
ac_cv_env_CC_set=''
ac_cv_env_CC_value=''
ac_cv_env_CFLAGS_set=''
ac_cv_env_CFLAGS_value=''
ac_cv_env_CPPFLAGS_set=''
ac_cv_env_CPPFLAGS_value=''
ac_cv_env_LDFLAGS_set=''
ac_cv_env_LDFLAGS_value=''
ac_cv_env_build_alias_set=''
ac_cv_env_build_alias_value=''
ac_cv_env_host_alias_set=''
ac_cv_env_host_alias_value=''
ac_cv_env_target_alias_set=''
ac_cv_env_target_alias_value=''
ac_cv_exeext=''
ac_cv_host=sparc-sun-solaris2.7
ac_cv_host_alias=sparc-sun-solaris2.7
ac_cv_lib_curses_initscr=yes
ac_cv_lib_ncurses_initscr=no
ac_cv_objext=o
ac_cv_prog_ac_ct_CC=cc
ac_cv_prog_cc_g=yes
ac_cv_prog_cc_stdc=''
ac_cv_target=sparc-sun-solaris2.7
ac_cv_target_alias=sparc-sun-solaris2.7

## ----------------- ##
## Output variables. ##
## ----------------- ##

CC='cc'
CFLAGS='-g'
CPPFLAGS=''
DEFS='-DPACKAGE_NAME=\"ENZO\" -DPACKAGE_TARNAME=\"enzo\" -DPACKAGE_VERSION=\"0.2.0\" -DPACKAGE_STRING=\"ENZO\ 0.2.0\" -DPACKAGE_BUGREPORT=\"jbordner@cosmos.ucsd.edu\" '
ECHO_C='ECHO_N=''
ECHO_T=''
EXEEXT=''
LDFLAGS=''
LIBOBJS=''
LIBS=''
LTLIBOBJS=''
OBJEXT='o'
PACKAGE_BUGREPORT='jbordner@cosmos.ucsd.edu'
PACKAGE_NAME='ENZO'
PACKAGE_STRING='ENZO 0.2.0'
PACKAGE_TARNAME='enzo'
PACKAGE_VERSION='0.2.0'
PATH_SEPARATOR=':'
SHELL='/bin/ksh'
ac_ct_CC='cc'
bindir='${exec_prefix}/bin'
build='sparc-sun-solaris2.7'
build_alias=''
build_cpu='sparc'
build_os='solaris2.7'
build_vendor='sun'
datadir='${prefix}/share'
defines_curses='-DUSE_CURSES'
defines_ncurses=''
exec_prefix='${prefix}'
host='sparc-sun-solaris2.7'
host_alias=''
host_cpu='sparc'
host_os='solaris2.7'
host_vendor='sun'
includedir='${prefix}/include'
infodir='${prefix}/info'
libdir='${exec_prefix}/lib'
libexecdir='${exec_prefix}/libexec'
libs_curses='-lcurses'
libs_ncurses=''
localstatedir='${prefix}/var'
mandir='${prefix}/man'
oldincludedir='/usr/include'
prefix='/usr/local'
program_transform_name='s,x,x,'
sbindir='${exec_prefix}/sbin'
sharedstatedir='${prefix}/com'
sysconfdir='${prefix}/etc'
target='sparc-sun-solaris2.7'
target_alias=''
target_cpu='sparc'
target_os='solaris2.7'
target_vendor='sun'

## ----------- ##
## confdefs.h. ##
## ----------- ##

#define PACKAGE_BUGREPORT "jbordner@cosmos.ucsd.edu"
#define PACKAGE_NAME "ENZO"
#define PACKAGE_STRING "ENZO 0.2.0"
#define PACKAGE_TARNAME "enzo"
#define PACKAGE_VERSION "0.2.0"

configure: exit 0
